2018-06-10 20:46:27,627:DEBUG: Loading document 1 of 1274
2018-06-10 20:46:27,829:DEBUG: Loading document 2 of 1274
2018-06-10 20:46:28,003:DEBUG: ENTIDAD RECONOCIDA -> 1 - Customer Response Message
2018-06-10 20:46:28,004:DEBUG: SEARCH_URL -> https://babelnet.io/v4/getSynsetIds?langs=EN&word=Customer+Response+Message&key=61561ee1-ed58-4811-b17f-1ba8a5c91004
2018-06-10 20:46:29,285:DEBUG: Query realizada -> 1
2018-06-10 20:46:29,286:DEBUG: INFORMACION ADICIONAL AGREGADA
2018-06-10 20:46:29,286:DEBUG: []
2018-06-10 20:46:29,286:DEBUG: **********************************
2018-06-10 20:46:29,288:DEBUG: Loading document 3 of 1274
2018-06-10 20:46:29,345:DEBUG: ENTIDAD RECONOCIDA -> 2 - Information Uri Method
2018-06-10 20:46:29,347:DEBUG: SEARCH_URL -> https://babelnet.io/v4/getSynsetIds?langs=EN&word=Information+Uri+Method&key=61561ee1-ed58-4811-b17f-1ba8a5c91004
2018-06-10 20:46:30,637:DEBUG: Query realizada -> 2
2018-06-10 20:46:30,637:DEBUG: INFORMACION ADICIONAL AGREGADA
2018-06-10 20:46:30,637:DEBUG: []
2018-06-10 20:46:30,638:DEBUG: **********************************
2018-06-10 20:46:30,638:DEBUG: ENTIDAD RECONOCIDA -> 3 - Information Uri Method Port Type
2018-06-10 20:46:30,639:DEBUG: SEARCH_URL -> https://babelnet.io/v4/getSynsetIds?langs=EN&word=Information+Uri+Method+Port+Type&key=61561ee1-ed58-4811-b17f-1ba8a5c91004
2018-06-10 20:46:31,822:DEBUG: Query realizada -> 3
2018-06-10 20:46:31,822:DEBUG: INFORMACION ADICIONAL AGREGADA
2018-06-10 20:46:31,822:DEBUG: []
2018-06-10 20:46:31,823:DEBUG: **********************************
2018-06-10 20:46:31,824:DEBUG: Loading document 4 of 1274
2018-06-10 20:46:31,854:DEBUG: Loading document 5 of 1274
2018-06-10 20:46:31,922:DEBUG: ENTIDAD RECONOCIDA -> 4 - Event Request Message
2018-06-10 20:46:31,924:DEBUG: SEARCH_URL -> https://babelnet.io/v4/getSynsetIds?langs=EN&word=Event+Request+Message&key=61561ee1-ed58-4811-b17f-1ba8a5c91004
2018-06-10 20:46:33,124:DEBUG: Query realizada -> 4
2018-06-10 20:46:33,125:DEBUG: INFORMACION ADICIONAL AGREGADA
2018-06-10 20:46:33,125:DEBUG: []
2018-06-10 20:46:33,125:DEBUG: **********************************
2018-06-10 20:46:33,126:DEBUG: ENTIDAD RECONOCIDA -> 5 - Event Response Message
2018-06-10 20:46:33,127:DEBUG: SEARCH_URL -> https://babelnet.io/v4/getSynsetIds?langs=EN&word=Event+Response+Message&key=61561ee1-ed58-4811-b17f-1ba8a5c91004
2018-06-10 20:46:34,386:DEBUG: Query realizada -> 5
2018-06-10 20:46:34,387:DEBUG: INFORMACION ADICIONAL AGREGADA
2018-06-10 20:46:34,387:DEBUG: []
2018-06-10 20:46:34,387:DEBUG: **********************************
2018-06-10 20:46:34,389:DEBUG: Loading document 6 of 1274
2018-06-10 20:46:34,440:DEBUG: Loading document 7 of 1274
2018-06-10 20:46:34,500:DEBUG: Loading document 8 of 1274
2018-06-10 20:46:34,658:DEBUG: ENTIDAD RECONOCIDA -> 6 - Data Police UK
2018-06-10 20:46:34,658:DEBUG: SEARCH_URL -> https://babelnet.io/v4/getSynsetIds?langs=EN&word=Data+Police+UK&key=61561ee1-ed58-4811-b17f-1ba8a5c91004
2018-06-10 20:46:35,708:DEBUG: Query realizada -> 6
2018-06-10 20:46:35,708:DEBUG: INFORMACION ADICIONAL AGREGADA
2018-06-10 20:46:35,708:DEBUG: []
2018-06-10 20:46:35,709:DEBUG: **********************************
2018-06-10 20:46:35,709:DEBUG: ENTIDAD RECONOCIDA -> 7 - Location Request Message
2018-06-10 20:46:35,710:DEBUG: SEARCH_URL -> https://babelnet.io/v4/getSynsetIds?langs=EN&word=Location+Request+Message&key=61561ee1-ed58-4811-b17f-1ba8a5c91004
2018-06-10 20:46:36,781:DEBUG: Query realizada -> 7
2018-06-10 20:46:36,781:DEBUG: INFORMACION ADICIONAL AGREGADA
2018-06-10 20:46:36,782:DEBUG: []
2018-06-10 20:46:36,782:DEBUG: **********************************
2018-06-10 20:46:36,783:DEBUG: ENTIDAD RECONOCIDA -> 8 - Location Response Message
2018-06-10 20:46:36,783:DEBUG: SEARCH_URL -> https://babelnet.io/v4/getSynsetIds?langs=EN&word=Location+Response+Message&key=61561ee1-ed58-4811-b17f-1ba8a5c91004
2018-06-10 20:46:37,857:DEBUG: Query realizada -> 8
2018-06-10 20:46:37,857:DEBUG: INFORMACION ADICIONAL AGREGADA
2018-06-10 20:46:37,857:DEBUG: []
2018-06-10 20:46:37,858:DEBUG: **********************************
2018-06-10 20:46:37,858:DEBUG: ENTIDAD RECONOCIDA -> 9 - Updated Response Message
2018-06-10 20:46:37,859:DEBUG: SEARCH_URL -> https://babelnet.io/v4/getSynsetIds?langs=EN&word=Updated+Response+Message&key=61561ee1-ed58-4811-b17f-1ba8a5c91004
2018-06-10 20:46:39,150:DEBUG: Query realizada -> 9
2018-06-10 20:46:39,150:DEBUG: INFORMACION ADICIONAL AGREGADA
2018-06-10 20:46:39,150:DEBUG: []
2018-06-10 20:46:39,151:DEBUG: **********************************
2018-06-10 20:46:39,151:DEBUG: ENTIDAD RECONOCIDA -> 10 - ASpecific Crime Request Message
2018-06-10 20:46:39,152:DEBUG: SEARCH_URL -> https://babelnet.io/v4/getSynsetIds?langs=EN&word=ASpecific+Crime+Request+Message&key=61561ee1-ed58-4811-b17f-1ba8a5c91004
2018-06-10 20:46:40,223:DEBUG: Query realizada -> 10
2018-06-10 20:46:40,224:DEBUG: INFORMACION ADICIONAL AGREGADA
2018-06-10 20:46:40,224:DEBUG: []
2018-06-10 20:46:40,224:DEBUG: **********************************
2018-06-10 20:46:40,225:DEBUG: ENTIDAD RECONOCIDA -> 11 - ASpecific Crime Response Message
2018-06-10 20:46:40,225:DEBUG: SEARCH_URL -> https://babelnet.io/v4/getSynsetIds?langs=EN&word=ASpecific+Crime+Response+Message&key=61561ee1-ed58-4811-b17f-1ba8a5c91004
2018-06-10 20:46:41,309:DEBUG: Query realizada -> 11
2018-06-10 20:46:41,309:DEBUG: INFORMACION ADICIONAL AGREGADA
2018-06-10 20:46:41,309:DEBUG: []
2018-06-10 20:46:41,310:DEBUG: **********************************
2018-06-10 20:46:41,310:DEBUG: ENTIDAD RECONOCIDA -> 12 - Level Crimes Response Message
2018-06-10 20:46:41,311:DEBUG: SEARCH_URL -> https://babelnet.io/v4/getSynsetIds?langs=EN&word=Level+Crimes+Response+Message&key=61561ee1-ed58-4811-b17f-1ba8a5c91004
2018-06-10 20:46:42,391:DEBUG: Query realizada -> 12
2018-06-10 20:46:42,392:DEBUG: INFORMACION ADICIONAL AGREGADA
2018-06-10 20:46:42,392:DEBUG: []
2018-06-10 20:46:42,392:DEBUG: **********************************
2018-06-10 20:46:42,394:DEBUG: Loading document 9 of 1274
2018-06-10 20:46:42,413:DEBUG: ENTIDAD RECONOCIDA -> 13 - Census Data
2018-06-10 20:46:42,423:DEBUG: SEARCH_URL -> https://babelnet.io/v4/getSynsetIds?langs=EN&word=Census+Data&key=61561ee1-ed58-4811-b17f-1ba8a5c91004
2018-06-10 20:46:43,488:DEBUG: Query realizada -> 13
2018-06-10 20:46:43,488:DEBUG: INFORMACION ADICIONAL AGREGADA
2018-06-10 20:46:43,488:DEBUG: []
2018-06-10 20:46:43,489:DEBUG: **********************************
2018-06-10 20:46:43,489:DEBUG: ENTIDAD RECONOCIDA -> 14 - Census Data Port Type census Data Request Message
2018-06-10 20:46:43,490:DEBUG: SEARCH_URL -> https://babelnet.io/v4/getSynsetIds?langs=EN&word=Census+Data+Port+Type+census+Data+Request+Message&key=61561ee1-ed58-4811-b17f-1ba8a5c91004
2018-06-10 20:46:44,526:DEBUG: Query realizada -> 14
2018-06-10 20:46:44,526:DEBUG: INFORMACION ADICIONAL AGREGADA
2018-06-10 20:46:44,526:DEBUG: []
2018-06-10 20:46:44,527:DEBUG: **********************************
2018-06-10 20:46:44,528:DEBUG: Loading document 10 of 1274
2018-06-10 20:46:44,555:DEBUG: ENTIDAD RECONOCIDA -> 15 - Analysis Request Message sentiment Analysis Response Message
2018-06-10 20:46:44,557:DEBUG: SEARCH_URL -> https://babelnet.io/v4/getSynsetIds?langs=EN&word=Analysis+Request+Message+sentiment+Analysis+Response+Message&key=61561ee1-ed58-4811-b17f-1ba8a5c91004
2018-06-10 20:46:45,642:DEBUG: Query realizada -> 15
2018-06-10 20:46:45,642:DEBUG: INFORMACION ADICIONAL AGREGADA
2018-06-10 20:46:45,642:DEBUG: []
2018-06-10 20:46:45,643:DEBUG: **********************************
2018-06-10 20:46:45,644:DEBUG: Loading document 11 of 1274
2018-06-10 20:46:45,728:DEBUG: ENTIDAD RECONOCIDA -> 16 - Smart Queue Service
2018-06-10 20:46:45,729:DEBUG: SEARCH_URL -> https://babelnet.io/v4/getSynsetIds?langs=EN&word=Smart+Queue+Service&key=61561ee1-ed58-4811-b17f-1ba8a5c91004
2018-06-10 20:46:46,782:DEBUG: Query realizada -> 16
2018-06-10 20:46:46,782:DEBUG: INFORMACION ADICIONAL AGREGADA
2018-06-10 20:46:46,782:DEBUG: []
2018-06-10 20:46:46,782:DEBUG: **********************************
2018-06-10 20:46:46,784:DEBUG: Loading document 12 of 1274
2018-06-10 20:46:46,990:DEBUG: ENTIDAD RECONOCIDA -> 17 - VRoutes Tripid Response Message
2018-06-10 20:46:46,991:DEBUG: SEARCH_URL -> https://babelnet.io/v4/getSynsetIds?langs=EN&word=VRoutes+Tripid+Response+Message&key=61561ee1-ed58-4811-b17f-1ba8a5c91004
2018-06-10 20:46:48,064:DEBUG: Query realizada -> 17
2018-06-10 20:46:48,064:DEBUG: INFORMACION ADICIONAL AGREGADA
2018-06-10 20:46:48,065:DEBUG: []
2018-06-10 20:46:48,065:DEBUG: **********************************
2018-06-10 20:46:48,066:DEBUG: ENTIDAD RECONOCIDA -> 18 - VStats Starttime Starttime Endtime Endtime Response Message
2018-06-10 20:46:48,066:DEBUG: SEARCH_URL -> https://babelnet.io/v4/getSynsetIds?langs=EN&word=VStats+Starttime+Starttime+Endtime+Endtime+Response+Message&key=61561ee1-ed58-4811-b17f-1ba8a5c91004
2018-06-10 20:46:49,118:DEBUG: Query realizada -> 18
2018-06-10 20:46:49,119:DEBUG: INFORMACION ADICIONAL AGREGADA
2018-06-10 20:46:49,119:DEBUG: []
2018-06-10 20:46:49,119:DEBUG: **********************************
2018-06-10 20:46:49,120:DEBUG: ENTIDAD RECONOCIDA -> 19 - VUser Trips Starttime Starttime Endtime Endtime Response Message
2018-06-10 20:46:49,121:DEBUG: SEARCH_URL -> https://babelnet.io/v4/getSynsetIds?langs=EN&word=VUser+Trips+Starttime+Starttime+Endtime+Endtime+Response+Message&key=61561ee1-ed58-4811-b17f-1ba8a5c91004
2018-06-10 20:46:50,205:DEBUG: Query realizada -> 19
2018-06-10 20:46:50,206:DEBUG: INFORMACION ADICIONAL AGREGADA
2018-06-10 20:46:50,206:DEBUG: []
2018-06-10 20:46:50,206:DEBUG: **********************************
2018-06-10 20:46:50,208:DEBUG: Loading document 13 of 1274
2018-06-10 20:46:50,251:DEBUG: ENTIDAD RECONOCIDA -> 20 - New Request
2018-06-10 20:46:50,251:DEBUG: SEARCH_URL -> https://babelnet.io/v4/getSynsetIds?langs=EN&word=New+Request&key=61561ee1-ed58-4811-b17f-1ba8a5c91004
2018-06-10 20:46:51,289:DEBUG: Query realizada -> 20
2018-06-10 20:46:51,290:DEBUG: INFORMACION ADICIONAL AGREGADA
2018-06-10 20:46:51,290:DEBUG: []
2018-06-10 20:46:51,290:DEBUG: **********************************
2018-06-10 20:46:51,292:DEBUG: Loading document 14 of 1274
2018-06-10 20:46:51,338:DEBUG: ENTIDAD RECONOCIDA -> 21 - Phone Request Message new Phone Response Message new Phone
2018-06-10 20:46:51,338:DEBUG: SEARCH_URL -> https://babelnet.io/v4/getSynsetIds?langs=EN&word=Phone+Request+Message+new+Phone+Response+Message+new+Phone&key=61561ee1-ed58-4811-b17f-1ba8a5c91004
